[10:09:30] [ServerMain/INFO]: [bootstrap] Running Java 21 (OpenJDK 64-Bit Server VM 21.0.7+6-LTS; Microsoft Microsoft-11369942) on Linux 6.8.0-1030-azure (amd64)
[10:09:30] [ServerMain/INFO]: [bootstrap] Loading Paper 1.21.8-60-main@29c8822 (2025-09-06T21:49:13Z) for Minecraft 1.21.8
[10:09:30] [ServerMain/INFO]: [PluginInitializerManager] Initializing plugins...
[10:09:31] [ServerMain/INFO]: [PluginInitializerManager] Initialized 0 plugins
[10:09:41] [ServerMain/INFO]: Environment: Environment[sessionHost=https://sessionserver.mojang.com, servicesHost=https://api.minecraftservices.com, name=PROD]
[10:09:45] [ServerMain/INFO]: Loaded 1407 recipes
[10:09:45] [ServerMain/INFO]: Loaded 1520 advancements
[10:09:45] [ServerMain/INFO]: [ca.spottedleaf.dataconverter.minecraft.datatypes.MCTypeRegistry] Initialising converters for DataConverter...
[10:09:46] [ServerMain/INFO]: [ca.spottedleaf.dataconverter.minecraft.datatypes.MCTypeRegistry] Finished initialising converters for DataConverter in 1,150.9ms
[10:09:47] [Server thread/INFO]: Starting minecraft server version 1.21.8
[10:09:47] [Server thread/INFO]: Loading properties
[10:09:47] [Server thread/INFO]: This server is running Paper version 1.21.8-60-main@29c8822 (2025-09-06T21:49:13Z) (Implementing API version 1.21.8-R0.1-SNAPSHOT)
[10:09:47] [Server thread/INFO]: [spark] This server bundles the spark profiler. For more information please visit https://docs.papermc.io/paper/profiling
[10:09:47] [Server thread/INFO]: Server Ping Player Sample Count: 12
[10:09:47] [Server thread/INFO]: Using 4 threads for Netty based IO
[10:09:49] [Server thread/INFO]: [MoonriseCommon] Paper is using 1 worker threads, 1 I/O threads
[10:09:49] [Server thread/INFO]: [ChunkTaskScheduler] Chunk system is using population gen parallelism: true
[10:09:50] [Server thread/INFO]: Default game type: SURVIVAL
[10:09:50] [Server thread/INFO]: Generating keypair
[10:09:50] [Server thread/INFO]: Starting Minecraft server on *:25565
[10:09:50] [Server thread/INFO]: Using epoll channel type
[10:09:50] [Server thread/INFO]: Paper: Using libdeflate (Linux x86_64) compression from Velocity.
[10:09:50] [Server thread/INFO]: Paper: Using OpenSSL 3.x.x (Linux x86_64) cipher from Velocity.
[10:09:50] [Server thread/INFO]: Server permissions file permissions.yml is empty, ignoring it
[10:09:50] [Server thread/WARN]: **** SERVER IS RUNNING IN OFFLINE/INSECURE MODE!
[10:09:50] [Server thread/WARN]: The server will make no attempt to authenticate usernames. Beware.
[10:09:50] [Server thread/WARN]: While this makes the game possible to play without internet access, it also opens up the ability for hackers to connect with any username they choose.
[10:09:50] [Server thread/WARN]: To change this, set "online-mode" to "true" in the server.properties file.
[10:09:50] [Server thread/INFO]: Preparing level "world"
[10:09:51] [Server thread/INFO]: Preparing start region for dimension minecraft:overworld
[10:09:52] [Server thread/INFO]: Preparing spawn area: 0%
[10:09:52] [Server thread/INFO]: Preparing spawn area: 2%
[10:09:52] [Server thread/INFO]: Preparing spawn area: 2%
[10:09:53] [Server thread/INFO]: Preparing spawn area: 8%
[10:09:54] [Server thread/INFO]: Preparing spawn area: 8%
[10:09:54] [Server thread/INFO]: Preparing spawn area: 8%
[10:09:54] [Server thread/INFO]: Time elapsed: 2723 ms
[10:09:54] [Server thread/INFO]: Preparing start region for dimension minecraft:the_nether
[10:09:54] [Server thread/INFO]: Preparing spawn area: 0%
[10:09:54] [Server thread/INFO]: Preparing spawn area: 46%
[10:09:55] [Server thread/INFO]: Time elapsed: 632 ms
[10:09:55] [Server thread/INFO]: Preparing start region for dimension minecraft:the_end
[10:09:55] [Server thread/INFO]: Preparing spawn area: 0%
[10:09:55] [Server thread/INFO]: Preparing spawn area: 51%
[10:09:55] [Server thread/INFO]: Time elapsed: 559 ms
[10:09:56] [Server thread/INFO]: [spark] Starting background profiler...
[10:09:57] [Server thread/INFO]: Done preparing level "world" (6.929s)
[10:09:57] [Server thread/INFO]: Running delayed init tasks
[10:09:57] [Server thread/INFO]: Done (30.113s)! For help, type "help"
[10:12:05] [Server thread/INFO]: Stopping the server
[10:12:05] [Server thread/INFO]: Stopping server
[10:12:05] [Server thread/INFO]: Saving players
[10:12:05] [Server thread/INFO]: Saving worlds
[10:12:05] [Server thread/INFO]: Saving chunks for level 'ServerLevel[world]'/minecraft:overworld
[10:12:05] [Server thread/INFO]: [ChunkHolderManager] Waiting 60s for chunk system to halt for world 'world'
[10:12:05] [Server thread/INFO]: [ChunkHolderManager] Halted chunk system for world 'world'
[10:12:05] [Server thread/INFO]: [ChunkHolderManager] Saving all chunkholders for world 'world'
[10:12:06] [Server thread/INFO]: [ChunkHolderManager] Saved 49 block chunks, 49 entity chunks, 0 poi chunks in world 'world' in 0.53s
[10:12:06] [Server thread/INFO]: [ChunkHolderManager] Waiting 60s for chunk I/O to halt for world 'world'
[10:12:06] [Server thread/INFO]: [ChunkHolderManager] Halted I/O scheduler for world 'world'
[10:12:06] [Server thread/INFO]: Saving chunks for level 'ServerLevel[world_nether]'/minecraft:the_nether
[10:12:06] [Server thread/INFO]: [ChunkHolderManager] Waiting 60s for chunk system to halt for world 'world_nether'
[10:12:06] [Server thread/INFO]: [ChunkHolderManager] Halted chunk system for world 'world_nether'
[10:12:06] [Server thread/INFO]: [ChunkHolderManager] Saving all chunkholders for world 'world_nether'
[10:12:06] [Server thread/INFO]: [ChunkHolderManager] Saved 49 block chunks, 49 entity chunks, 0 poi chunks in world 'world_nether' in 0.23s
[10:12:06] [Server thread/INFO]: [ChunkHolderManager] Waiting 60s for chunk I/O to halt for world 'world_nether'
[10:12:06] [Server thread/INFO]: [ChunkHolderManager] Halted I/O scheduler for world 'world_nether'
[10:12:06] [Server thread/INFO]: Saving chunks for level 'ServerLevel[world_the_end]'/minecraft:the_end
[10:12:06] [Server thread/INFO]: [ChunkHolderManager] Waiting 60s for chunk system to halt for world 'world_the_end'
[10:12:06] [Server thread/INFO]: [ChunkHolderManager] Halted chunk system for world 'world_the_end'
[10:12:06] [Server thread/INFO]: [ChunkHolderManager] Saving all chunkholders for world 'world_the_end'
[10:12:06] [Server thread/INFO]: [ChunkHolderManager] Saved 49 block chunks, 49 entity chunks, 0 poi chunks in world 'world_the_end' in 0.09s
[10:12:06] [Server thread/INFO]: [ChunkHolderManager] Waiting 60s for chunk I/O to halt for world 'world_the_end'
[10:12:06] [Server thread/INFO]: [ChunkHolderManager] Halted I/O scheduler for world 'world_the_end'
[10:12:06] [Server thread/INFO]: ThreadedAnvilChunkStorage (world): All chunks are saved
[10:12:06] [Server thread/INFO]: ThreadedAnvilChunkStorage (DIM-1): All chunks are saved
[10:12:06] [Server thread/INFO]: ThreadedAnvilChunkStorage (DIM1): All chunks are saved
[10:12:06] [Server thread/INFO]: ThreadedAnvilChunkStorage: All dimensions are saved
[10:12:06] [Server thread/INFO]: Waiting for all RegionFile I/O tasks to complete...
[10:12:06] [Server thread/INFO]: All RegionFile I/O tasks to complete
[10:12:06] [Server thread/INFO]: [MoonriseCommon] Awaiting termination of worker pool for up to 60s...
[10:12:06] [Server thread/INFO]: [MoonriseCommon] Awaiting termination of I/O pool for up to 60s...
